<?xml version="1.0" encoding="UTF-8"?>
<testng-results ignored="0" total="1" passed="1" failed="0" skipped="0">
  <reporter-output>
  </reporter-output>
  <suite started-at="2024-05-03T19:03:03 BST" name="Suite" finished-at="2024-05-03T19:03:23 BST" duration-ms="20088">
    <groups>
    </groups>
    <test started-at="2024-05-03T19:03:03 BST" name="Test" finished-at="2024-05-03T19:03:23 BST" duration-ms="20088">
      <class name="Testcases.AddUserTest">
        <test-method is-config="true" signature="setup(java.lang.String)[pri:0, instance:Testcases.AddUserTest@272ed83b]" started-at="2024-05-03T19:03:03 BST" name="setup" finished-at="2024-05-03T19:03:10 BST" duration-ms="6388" status="PASS">
          <params>
            <param index="0">
              <value>
                <![CDATA[chrome]]>
              </value>
            </param>
          </params>
          <reporter-output>
          </reporter-output>
        </test-method> <!-- setup -->
        <test-method signature="addusertest()[pri:0, instance:Testcases.AddUserTest@272ed83b]" started-at="2024-05-03T19:03:10 BST" name="addusertest" finished-at="2024-05-03T19:03:21 BST" duration-ms="11534" status="PASS">
          <reporter-output>
          </reporter-output>
        </test-method> <!-- addusertest -->
        <test-method is-config="true" signature="tearDown()[pri:0, instance:Testcases.AddUserTest@272ed83b]" started-at="2024-05-03T19:03:21 BST" name="tearDown" finished-at="2024-05-03T19:03:23 BST" duration-ms="1857" status="PASS">
          <reporter-output>
          </reporter-output>
        </test-method> <!-- tearDown -->
      </class> <!-- Testcases.AddUserTest -->
    </test> <!-- Test -->
  </suite> <!-- Suite -->
</testng-results>
